2026-03-06 14:11:29.443645: I tensorflow/core/util/port.cc:153] oneDNN custom operations are on. You may see slightly different numerical results due to floating-point round-off errors from different computation orders. To turn them off, set the environment variable `TF_ENABLE_ONEDNN_OPTS=0`.
2026-03-06 14:11:29.484651: I tensorflow/core/platform/cpu_feature_guard.cc:210] This TensorFlow binary is optimized to use available CPU instructions in performance-critical operations.
To enable the following instructions: AVX2 AVX_VNNI FMA, in other operations, rebuild TensorFlow with the appropriate compiler flags.
2026-03-06 14:11:30.451662: I tensorflow/core/util/port.cc:153] oneDNN custom operations are on. You may see slightly different numerical results due to floating-point round-off errors from different computation orders. To turn them off, set the environment variable `TF_ENABLE_ONEDNN_OPTS=0`.
WARNING: All log messages before absl::InitializeLog() is called are written to STDERR
I0000 00:00:1772786516.305847   77689 gpu_device.cc:2020] Created device /job:localhost/replica:0/task:0/device:GPU:0 with 3536 MB memory:  -> device: 0, name: NVIDIA GeForce RTX 4050 Laptop GPU, pci bus id: 0000:01:00.0, compute capability: 8.9
2026-03-06 14:12:02.935263: I external/local_xla/xla/service/service.cc:163] XLA service 0x70a8200025d0 initialized for platform CUDA (this does not guarantee that XLA will be used). Devices:
2026-03-06 14:12:02.935310: I external/local_xla/xla/service/service.cc:171]   StreamExecutor device (0): NVIDIA GeForce RTX 4050 Laptop GPU, Compute Capability 8.9
2026-03-06 14:12:03.158843: I tensorflow/compiler/mlir/tensorflow/utils/dump_mlir_util.cc:269] disabling MLIR crash reproducer, set env var `MLIR_CRASH_REPRODUCER_DIRECTORY` to enable.
2026-03-06 14:12:04.392233: I external/local_xla/xla/stream_executor/cuda/cuda_dnn.cc:473] Loaded cuDNN version 91900
2026-03-06 14:12:11.878854: E external/local_xla/xla/stream_executor/cuda/cuda_timer.cc:86] Delay kernel timed out: measured time has sub-optimal accuracy. There may be a missing warmup execution, please investigate in Nsight Systems.
2026-03-06 14:12:12.052799: E external/local_xla/xla/stream_executor/cuda/cuda_timer.cc:86] Delay kernel timed out: measured time has sub-optimal accuracy. There may be a missing warmup execution, please investigate in Nsight Systems.
2026-03-06 14:12:12.801063: E external/local_xla/xla/stream_executor/cuda/cuda_timer.cc:86] Delay kernel timed out: measured time has sub-optimal accuracy. There may be a missing warmup execution, please investigate in Nsight Systems.
2026-03-06 14:12:12.996276: E external/local_xla/xla/stream_executor/cuda/cuda_timer.cc:86] Delay kernel timed out: measured time has sub-optimal accuracy. There may be a missing warmup execution, please investigate in Nsight Systems.
2026-03-06 14:12:13.320550: E external/local_xla/xla/stream_executor/cuda/cuda_timer.cc:86] Delay kernel timed out: measured time has sub-optimal accuracy. There may be a missing warmup execution, please investigate in Nsight Systems.
2026-03-06 14:12:13.565809: E external/local_xla/xla/service/slow_operation_alarm.cc:73] Trying algorithm eng3{k11=2} for conv (f32[16,1152,7,7]{3,2,1,0}, u8[0]{0}) custom-call(f32[16,1152,7,7]{3,2,1,0}, f32[1152,1,5,5]{3,2,1,0}), window={size=5x5 pad=2_2x2_2}, dim_labels=bf01_oi01->bf01, feature_group_count=1152, custom_call_target="__cudnn$convForward", backend_config={"operation_queue_id":"0","wait_on_operation_queues":[],"cudnn_conv_backend_config":{"activation_mode":"kNone","conv_result_scale":1,"side_input_scale":0,"leakyrelu_alpha":0},"force_earliest_schedule":false,"reification_cost":[]} is taking a while...
2026-03-06 14:12:13.636232: E external/local_xla/xla/stream_executor/cuda/cuda_timer.cc:86] Delay kernel timed out: measured time has sub-optimal accuracy. There may be a missing warmup execution, please investigate in Nsight Systems.
2026-03-06 14:12:13.834253: E external/local_xla/xla/stream_executor/cuda/cuda_timer.cc:86] Delay kernel timed out: measured time has sub-optimal accuracy. There may be a missing warmup execution, please investigate in Nsight Systems.
2026-03-06 14:12:14.038589: E external/local_xla/xla/stream_executor/cuda/cuda_timer.cc:86] Delay kernel timed out: measured time has sub-optimal accuracy. There may be a missing warmup execution, please investigate in Nsight Systems.
2026-03-06 14:12:14.355603: E external/local_xla/xla/stream_executor/cuda/cuda_timer.cc:86] Delay kernel timed out: measured time has sub-optimal accuracy. There may be a missing warmup execution, please investigate in Nsight Systems.
2026-03-06 14:12:14.573169: E external/local_xla/xla/stream_executor/cuda/cuda_timer.cc:86] Delay kernel timed out: measured time has sub-optimal accuracy. There may be a missing warmup execution, please investigate in Nsight Systems.
2026-03-06 14:12:14.775666: E external/local_xla/xla/stream_executor/cuda/cuda_timer.cc:86] Delay kernel timed out: measured time has sub-optimal accuracy. There may be a missing warmup execution, please investigate in Nsight Systems.
2026-03-06 14:12:14.971281: E external/local_xla/xla/stream_executor/cuda/cuda_timer.cc:86] Delay kernel timed out: measured time has sub-optimal accuracy. There may be a missing warmup execution, please investigate in Nsight Systems.
2026-03-06 14:12:14.976803: E external/local_xla/xla/service/slow_operation_alarm.cc:140] The operation took 2.411066983s
Trying algorithm eng3{k11=2} for conv (f32[16,1152,7,7]{3,2,1,0}, u8[0]{0}) custom-call(f32[16,1152,7,7]{3,2,1,0}, f32[1152,1,5,5]{3,2,1,0}), window={size=5x5 pad=2_2x2_2}, dim_labels=bf01_oi01->bf01, feature_group_count=1152, custom_call_target="__cudnn$convForward", backend_config={"operation_queue_id":"0","wait_on_operation_queues":[],"cudnn_conv_backend_config":{"activation_mode":"kNone","conv_result_scale":1,"side_input_scale":0,"leakyrelu_alpha":0},"force_earliest_schedule":false,"reification_cost":[]} is taking a while...
2026-03-06 14:12:15.607400: E external/local_xla/xla/stream_executor/cuda/cuda_timer.cc:86] Delay kernel timed out: measured time has sub-optimal accuracy. There may be a missing warmup execution, please investigate in Nsight Systems.
2026-03-06 14:12:15.913685: E external/local_xla/xla/stream_executor/cuda/cuda_timer.cc:86] Delay kernel timed out: measured time has sub-optimal accuracy. There may be a missing warmup execution, please investigate in Nsight Systems.
2026-03-06 14:12:16.113950: E external/local_xla/xla/stream_executor/cuda/cuda_timer.cc:86] Delay kernel timed out: measured time has sub-optimal accuracy. There may be a missing warmup execution, please investigate in Nsight Systems.
I0000 00:00:1772786543.314387   77814 device_compiler.h:196] Compiled cluster using XLA!  This line is logged at most once for the lifetime of the process.
2026-03-06 14:12:36.937324: I external/local_xla/xla/stream_executor/cuda/subprocess_compilation.cc:346] ptxas warning : Registers are spilled to local memory in function 'gemm_fusion_dot_10947', 8 bytes spill stores, 8 bytes spill loads

2026-03-06 14:12:42.334865: E external/local_xla/xla/stream_executor/cuda/cuda_timer.cc:86] Delay kernel timed out: measured time has sub-optimal accuracy. There may be a missing warmup execution, please investigate in Nsight Systems.
2026-03-06 14:12:42.511273: E external/local_xla/xla/stream_executor/cuda/cuda_timer.cc:86] Delay kernel timed out: measured time has sub-optimal accuracy. There may be a missing warmup execution, please investigate in Nsight Systems.
2026-03-06 14:12:43.175475: E external/local_xla/xla/stream_executor/cuda/cuda_timer.cc:86] Delay kernel timed out: measured time has sub-optimal accuracy. There may be a missing warmup execution, please investigate in Nsight Systems.
2026-03-06 14:12:43.367724: E external/local_xla/xla/stream_executor/cuda/cuda_timer.cc:86] Delay kernel timed out: measured time has sub-optimal accuracy. There may be a missing warmup execution, please investigate in Nsight Systems.
2026-03-06 14:12:44.040779: E external/local_xla/xla/stream_executor/cuda/cuda_timer.cc:86] Delay kernel timed out: measured time has sub-optimal accuracy. There may be a missing warmup execution, please investigate in Nsight Systems.
2026-03-06 14:12:44.243626: E external/local_xla/xla/stream_executor/cuda/cuda_timer.cc:86] Delay kernel timed out: measured time has sub-optimal accuracy. There may be a missing warmup execution, please investigate in Nsight Systems.
2026-03-06 14:12:44.560530: E external/local_xla/xla/stream_executor/cuda/cuda_timer.cc:86] Delay kernel timed out: measured time has sub-optimal accuracy. There may be a missing warmup execution, please investigate in Nsight Systems.
2026-03-06 14:12:44.757238: E external/local_xla/xla/stream_executor/cuda/cuda_timer.cc:86] Delay kernel timed out: measured time has sub-optimal accuracy. There may be a missing warmup execution, please investigate in Nsight Systems.
2026-03-06 14:12:44.761204: E external/local_xla/xla/service/slow_operation_alarm.cc:73] Trying algorithm eng3{k11=2} for conv (f32[4,1152,7,7]{3,2,1,0}, u8[0]{0}) custom-call(f32[4,1152,7,7]{3,2,1,0}, f32[1152,1,3,3]{3,2,1,0}), window={size=3x3 pad=1_1x1_1}, dim_labels=bf01_oi01->bf01, feature_group_count=1152, custom_call_target="__cudnn$convForward", backend_config={"operation_queue_id":"0","wait_on_operation_queues":[],"cudnn_conv_backend_config":{"activation_mode":"kNone","conv_result_scale":1,"side_input_scale":0,"leakyrelu_alpha":0},"force_earliest_schedule":false,"reification_cost":[]} is taking a while...
2026-03-06 14:12:44.761726: E external/local_xla/xla/service/slow_operation_alarm.cc:140] The operation took 1.000599655s
Trying algorithm eng3{k11=2} for conv (f32[4,1152,7,7]{3,2,1,0}, u8[0]{0}) custom-call(f32[4,1152,7,7]{3,2,1,0}, f32[1152,1,3,3]{3,2,1,0}), window={size=3x3 pad=1_1x1_1}, dim_labels=bf01_oi01->bf01, feature_group_count=1152, custom_call_target="__cudnn$convForward", backend_config={"operation_queue_id":"0","wait_on_operation_queues":[],"cudnn_conv_backend_config":{"activation_mode":"kNone","conv_result_scale":1,"side_input_scale":0,"leakyrelu_alpha":0},"force_earliest_schedule":false,"reification_cost":[]} is taking a while...
2026-03-06 14:13:03.012837: E external/local_xla/xla/stream_executor/cuda/cuda_timer.cc:86] Delay kernel timed out: measured time has sub-optimal accuracy. There may be a missing warmup execution, please investigate in Nsight Systems.
2026-03-06 14:13:03.185048: E external/local_xla/xla/stream_executor/cuda/cuda_timer.cc:86] Delay kernel timed out: measured time has sub-optimal accuracy. There may be a missing warmup execution, please investigate in Nsight Systems.
2026-03-06 14:13:03.863825: E external/local_xla/xla/stream_executor/cuda/cuda_timer.cc:86] Delay kernel timed out: measured time has sub-optimal accuracy. There may be a missing warmup execution, please investigate in Nsight Systems.
2026-03-06 14:13:04.122452: E external/local_xla/xla/stream_executor/cuda/cuda_timer.cc:86] Delay kernel timed out: measured time has sub-optimal accuracy. There may be a missing warmup execution, please investigate in Nsight Systems.
2026-03-06 14:13:04.318095: E external/local_xla/xla/stream_executor/cuda/cuda_timer.cc:86] Delay kernel timed out: measured time has sub-optimal accuracy. There may be a missing warmup execution, please investigate in Nsight Systems.
2026-03-06 14:13:04.945884: E external/local_xla/xla/stream_executor/cuda/cuda_timer.cc:86] Delay kernel timed out: measured time has sub-optimal accuracy. There may be a missing warmup execution, please investigate in Nsight Systems.
2026-03-06 14:13:05.145282: E external/local_xla/xla/stream_executor/cuda/cuda_timer.cc:86] Delay kernel timed out: measured time has sub-optimal accuracy. There may be a missing warmup execution, please investigate in Nsight Systems.
WARNING:absl:You are saving your model as an HDF5 file via `model.save()` or `keras.saving.save_model(model)`. This file format is considered legacy. We recommend using instead the native Keras format, e.g. `model.save('my_model.keras')` or `keras.saving.save_model(model, 'my_model.keras')`. 
WARNING:absl:You are saving your model as an HDF5 file via `model.save()` or `keras.saving.save_model(model)`. This file format is considered legacy. We recommend using instead the native Keras format, e.g. `model.save('my_model.keras')` or `keras.saving.save_model(model, 'my_model.keras')`. 
2026-03-06 14:17:27.673513: E external/local_xla/xla/stream_executor/cuda/cuda_timer.cc:86] Delay kernel timed out: measured time has sub-optimal accuracy. There may be a missing warmup execution, please investigate in Nsight Systems.
2026-03-06 14:17:27.849970: E external/local_xla/xla/stream_executor/cuda/cuda_timer.cc:86] Delay kernel timed out: measured time has sub-optimal accuracy. There may be a missing warmup execution, please investigate in Nsight Systems.
2026-03-06 14:17:28.726317: E external/local_xla/xla/stream_executor/cuda/cuda_timer.cc:86] Delay kernel timed out: measured time has sub-optimal accuracy. There may be a missing warmup execution, please investigate in Nsight Systems.
2026-03-06 14:17:28.925469: E external/local_xla/xla/stream_executor/cuda/cuda_timer.cc:86] Delay kernel timed out: measured time has sub-optimal accuracy. There may be a missing warmup execution, please investigate in Nsight Systems.
2026-03-06 14:17:57.346290: E external/local_xla/xla/stream_executor/cuda/cuda_timer.cc:86] Delay kernel timed out: measured time has sub-optimal accuracy. There may be a missing warmup execution, please investigate in Nsight Systems.
2026-03-06 14:17:57.541114: E external/local_xla/xla/stream_executor/cuda/cuda_timer.cc:86] Delay kernel timed out: measured time has sub-optimal accuracy. There may be a missing warmup execution, please investigate in Nsight Systems.
2026-03-06 14:17:59.050709: E external/local_xla/xla/service/slow_operation_alarm.cc:73] Trying algorithm eng3{k11=2} for conv (f32[4,672,17,17]{3,2,1,0}, u8[0]{0}) custom-call(f32[4,672,21,21]{3,2,1,0}, f32[672,1,5,5]{3,2,1,0}), window={size=5x5}, dim_labels=bf01_oi01->bf01, feature_group_count=672, custom_call_target="__cudnn$convForward", backend_config={"operation_queue_id":"0","wait_on_operation_queues":[],"cudnn_conv_backend_config":{"activation_mode":"kNone","conv_result_scale":1,"side_input_scale":0,"leakyrelu_alpha":0},"force_earliest_schedule":false,"reification_cost":[]} is taking a while...
2026-03-06 14:17:59.196683: E external/local_xla/xla/stream_executor/cuda/cuda_timer.cc:86] Delay kernel timed out: measured time has sub-optimal accuracy. There may be a missing warmup execution, please investigate in Nsight Systems.
2026-03-06 14:17:59.386216: E external/local_xla/xla/stream_executor/cuda/cuda_timer.cc:86] Delay kernel timed out: measured time has sub-optimal accuracy. There may be a missing warmup execution, please investigate in Nsight Systems.
2026-03-06 14:17:59.389179: E external/local_xla/xla/service/slow_operation_alarm.cc:140] The operation took 2.291303121s
Trying algorithm eng3{k11=2} for conv (f32[4,672,17,17]{3,2,1,0}, u8[0]{0}) custom-call(f32[4,672,21,21]{3,2,1,0}, f32[672,1,5,5]{3,2,1,0}), window={size=5x5}, dim_labels=bf01_oi01->bf01, feature_group_count=672, custom_call_target="__cudnn$convForward", backend_config={"operation_queue_id":"0","wait_on_operation_queues":[],"cudnn_conv_backend_config":{"activation_mode":"kNone","conv_result_scale":1,"side_input_scale":0,"leakyrelu_alpha":0},"force_earliest_schedule":false,"reification_cost":[]} is taking a while...
WARNING:absl:You are saving your model as an HDF5 file via `model.save()` or `keras.saving.save_model(model)`. This file format is considered legacy. We recommend using instead the native Keras format, e.g. `model.save('my_model.keras')` or `keras.saving.save_model(model, 'my_model.keras')`. 
WARNING:absl:You are saving your model as an HDF5 file via `model.save()` or `keras.saving.save_model(model)`. This file format is considered legacy. We recommend using instead the native Keras format, e.g. `model.save('my_model.keras')` or `keras.saving.save_model(model, 'my_model.keras')`. 
WARNING:absl:You are saving your model as an HDF5 file via `model.save()` or `keras.saving.save_model(model)`. This file format is considered legacy. We recommend using instead the native Keras format, e.g. `model.save('my_model.keras')` or `keras.saving.save_model(model, 'my_model.keras')`. 
WARNING:absl:You are saving your model as an HDF5 file via `model.save()` or `keras.saving.save_model(model)`. This file format is considered legacy. We recommend using instead the native Keras format, e.g. `model.save('my_model.keras')` or `keras.saving.save_model(model, 'my_model.keras')`. 
WARNING:absl:You are saving your model as an HDF5 file via `model.save()` or `keras.saving.save_model(model)`. This file format is considered legacy. We recommend using instead the native Keras format, e.g. `model.save('my_model.keras')` or `keras.saving.save_model(model, 'my_model.keras')`. 
WARNING:absl:You are saving your model as an HDF5 file via `model.save()` or `keras.saving.save_model(model)`. This file format is considered legacy. We recommend using instead the native Keras format, e.g. `model.save('my_model.keras')` or `keras.saving.save_model(model, 'my_model.keras')`. 
WARNING:absl:You are saving your model as an HDF5 file via `model.save()` or `keras.saving.save_model(model)`. This file format is considered legacy. We recommend using instead the native Keras format, e.g. `model.save('my_model.keras')` or `keras.saving.save_model(model, 'my_model.keras')`. 
WARNING:absl:You are saving your model as an HDF5 file via `model.save()` or `keras.saving.save_model(model)`. This file format is considered legacy. We recommend using instead the native Keras format, e.g. `model.save('my_model.keras')` or `keras.saving.save_model(model, 'my_model.keras')`. 
WARNING:absl:You are saving your model as an HDF5 file via `model.save()` or `keras.saving.save_model(model)`. This file format is considered legacy. We recommend using instead the native Keras format, e.g. `model.save('my_model.keras')` or `keras.saving.save_model(model, 'my_model.keras')`. 
WARNING:absl:You are saving your model as an HDF5 file via `model.save()` or `keras.saving.save_model(model)`. This file format is considered legacy. We recommend using instead the native Keras format, e.g. `model.save('my_model.keras')` or `keras.saving.save_model(model, 'my_model.keras')`. 
2026-03-06 14:33:24.637500: I tensorflow/core/framework/local_rendezvous.cc:407] Local rendezvous is aborting with status: OUT_OF_RANGE: End of sequence
2026-03-06 14:33:37.782978: E external/local_xla/xla/service/slow_operation_alarm.cc:73] Trying algorithm eng55{k2=0,k13=0,k14=2,k18=0,k22=0,k23=0} for conv (f32[13,96,112,112]{3,2,1,0}, u8[0]{0}) custom-call(f32[13,16,112,112]{3,2,1,0}, f32[96,16,1,1]{3,2,1,0}), window={size=1x1}, dim_labels=bf01_oi01->bf01, custom_call_target="__cudnn$convForward", backend_config={"operation_queue_id":"0","wait_on_operation_queues":[],"cudnn_conv_backend_config":{"activation_mode":"kNone","conv_result_scale":1,"side_input_scale":0,"leakyrelu_alpha":0},"force_earliest_schedule":false,"reification_cost":[]} is taking a while...
2026-03-06 14:33:38.765121: E external/local_xla/xla/service/slow_operation_alarm.cc:140] The operation took 1.982226155s
Trying algorithm eng55{k2=0,k13=0,k14=2,k18=0,k22=0,k23=0} for conv (f32[13,96,112,112]{3,2,1,0}, u8[0]{0}) custom-call(f32[13,16,112,112]{3,2,1,0}, f32[96,16,1,1]{3,2,1,0}), window={size=1x1}, dim_labels=bf01_oi01->bf01, custom_call_target="__cudnn$convForward", backend_config={"operation_queue_id":"0","wait_on_operation_queues":[],"cudnn_conv_backend_config":{"activation_mode":"kNone","conv_result_scale":1,"side_input_scale":0,"leakyrelu_alpha":0},"force_earliest_schedule":false,"reification_cost":[]} is taking a while...
2026-03-06 14:33:40.725191: E external/local_xla/xla/service/slow_operation_alarm.cc:73] Trying algorithm eng0{} for conv (f32[13,144,56,56]{3,2,1,0}, u8[0]{0}) custom-call(f32[13,24,56,56]{3,2,1,0}, f32[144,24,1,1]{3,2,1,0}), window={size=1x1}, dim_labels=bf01_oi01->bf01, custom_call_target="__cudnn$convForward", backend_config={"operation_queue_id":"0","wait_on_operation_queues":[],"cudnn_conv_backend_config":{"activation_mode":"kNone","conv_result_scale":1,"side_input_scale":0,"leakyrelu_alpha":0},"force_earliest_schedule":false,"reification_cost":[]} is taking a while...
2026-03-06 14:33:41.839944: E external/local_xla/xla/service/slow_operation_alarm.cc:140] The operation took 2.114867923s
Trying algorithm eng0{} for conv (f32[13,144,56,56]{3,2,1,0}, u8[0]{0}) custom-call(f32[13,24,56,56]{3,2,1,0}, f32[144,24,1,1]{3,2,1,0}), window={size=1x1}, dim_labels=bf01_oi01->bf01, custom_call_target="__cudnn$convForward", backend_config={"operation_queue_id":"0","wait_on_operation_queues":[],"cudnn_conv_backend_config":{"activation_mode":"kNone","conv_result_scale":1,"side_input_scale":0,"leakyrelu_alpha":0},"force_earliest_schedule":false,"reification_cost":[]} is taking a while...
2026-03-06 14:33:43.767531: E external/local_xla/xla/service/slow_operation_alarm.cc:73] Trying algorithm eng34{k2=2,k4=1,k5=0,k6=0,k7=0,k19=0} for conv (f32[13,240,28,28]{3,2,1,0}, u8[0]{0}) custom-call(f32[13,240,28,28]{3,2,1,0}, f32[240,1,5,5]{3,2,1,0}), window={size=5x5 pad=2_2x2_2}, dim_labels=bf01_oi01->bf01, feature_group_count=240, custom_call_target="__cudnn$convForward", backend_config={"operation_queue_id":"0","wait_on_operation_queues":[],"cudnn_conv_backend_config":{"activation_mode":"kNone","conv_result_scale":1,"side_input_scale":0,"leakyrelu_alpha":0},"force_earliest_schedule":false,"reification_cost":[]} is taking a while...
2026-03-06 14:33:44.755949: E external/local_xla/xla/service/slow_operation_alarm.cc:140] The operation took 1.988480729s
Trying algorithm eng34{k2=2,k4=1,k5=0,k6=0,k7=0,k19=0} for conv (f32[13,240,28,28]{3,2,1,0}, u8[0]{0}) custom-call(f32[13,240,28,28]{3,2,1,0}, f32[240,1,5,5]{3,2,1,0}), window={size=5x5 pad=2_2x2_2}, dim_labels=bf01_oi01->bf01, feature_group_count=240, custom_call_target="__cudnn$convForward", backend_config={"operation_queue_id":"0","wait_on_operation_queues":[],"cudnn_conv_backend_config":{"activation_mode":"kNone","conv_result_scale":1,"side_input_scale":0,"leakyrelu_alpha":0},"force_earliest_schedule":false,"reification_cost":[]} is taking a while...
2026-03-06 14:33:48.642853: E external/local_xla/xla/service/slow_operation_alarm.cc:73] Trying algorithm eng5{} for conv (f32[13,240,14,14]{3,2,1,0}, u8[0]{0}) custom-call(f32[13,240,29,29]{3,2,1,0}, f32[240,1,3,3]{3,2,1,0}), window={size=3x3 stride=2x2}, dim_labels=bf01_oi01->bf01, feature_group_count=240, custom_call_target="__cudnn$convForward", backend_config={"operation_queue_id":"0","wait_on_operation_queues":[],"cudnn_conv_backend_config":{"activation_mode":"kNone","conv_result_scale":1,"side_input_scale":0,"leakyrelu_alpha":0},"force_earliest_schedule":false,"reification_cost":[]} is taking a while...
2026-03-06 14:33:49.472754: E external/local_xla/xla/service/slow_operation_alarm.cc:140] The operation took 1.830161113s
Trying algorithm eng5{} for conv (f32[13,240,14,14]{3,2,1,0}, u8[0]{0}) custom-call(f32[13,240,29,29]{3,2,1,0}, f32[240,1,3,3]{3,2,1,0}), window={size=3x3 stride=2x2}, dim_labels=bf01_oi01->bf01, feature_group_count=240, custom_call_target="__cudnn$convForward", backend_config={"operation_queue_id":"0","wait_on_operation_queues":[],"cudnn_conv_backend_config":{"activation_mode":"kNone","conv_result_scale":1,"side_input_scale":0,"leakyrelu_alpha":0},"force_earliest_schedule":false,"reification_cost":[]} is taking a while...
2026-03-06 14:33:51.439133: E external/local_xla/xla/service/slow_operation_alarm.cc:73] Trying algorithm eng3{k11=2} for conv (f32[13,480,14,14]{3,2,1,0}, u8[0]{0}) custom-call(f32[13,480,14,14]{3,2,1,0}, f32[480,1,5,5]{3,2,1,0}), window={size=5x5 pad=2_2x2_2}, dim_labels=bf01_oi01->bf01, feature_group_count=480, custom_call_target="__cudnn$convForward", backend_config={"operation_queue_id":"0","wait_on_operation_queues":[],"cudnn_conv_backend_config":{"activation_mode":"kNone","conv_result_scale":1,"side_input_scale":0,"leakyrelu_alpha":0},"force_earliest_schedule":false,"reification_cost":[]} is taking a while...
2026-03-06 14:33:52.541775: E external/local_xla/xla/service/slow_operation_alarm.cc:140] The operation took 2.102892694s
Trying algorithm eng3{k11=2} for conv (f32[13,480,14,14]{3,2,1,0}, u8[0]{0}) custom-call(f32[13,480,14,14]{3,2,1,0}, f32[480,1,5,5]{3,2,1,0}), window={size=5x5 pad=2_2x2_2}, dim_labels=bf01_oi01->bf01, feature_group_count=480, custom_call_target="__cudnn$convForward", backend_config={"operation_queue_id":"0","wait_on_operation_queues":[],"cudnn_conv_backend_config":{"activation_mode":"kNone","conv_result_scale":1,"side_input_scale":0,"leakyrelu_alpha":0},"force_earliest_schedule":false,"reification_cost":[]} is taking a while...
2026-03-06 14:33:53.133290: E external/local_xla/xla/stream_executor/cuda/cuda_timer.cc:86] Delay kernel timed out: measured time has sub-optimal accuracy. There may be a missing warmup execution, please investigate in Nsight Systems.
2026-03-06 14:33:53.291170: E external/local_xla/xla/stream_executor/cuda/cuda_timer.cc:86] Delay kernel timed out: measured time has sub-optimal accuracy. There may be a missing warmup execution, please investigate in Nsight Systems.
2026-03-06 14:33:54.392159: E external/local_xla/xla/service/slow_operation_alarm.cc:73] Trying algorithm eng0{} for conv (f32[13,28,1,1]{3,2,1,0}, u8[0]{0}) custom-call(f32[13,672,1,1]{3,2,1,0}, f32[28,672,1,1]{3,2,1,0}, f32[28]{0}), window={size=1x1}, dim_labels=bf01_oi01->bf01, custom_call_target="__cudnn$convBiasActivationForward", backend_config={"operation_queue_id":"0","wait_on_operation_queues":[],"cudnn_conv_backend_config":{"activation_mode":"kNone","conv_result_scale":1,"side_input_scale":0,"leakyrelu_alpha":0},"force_earliest_schedule":false,"reification_cost":[]} is taking a while...
2026-03-06 14:33:55.235958: E external/local_xla/xla/service/slow_operation_alarm.cc:140] The operation took 1.843924673s
Trying algorithm eng0{} for conv (f32[13,28,1,1]{3,2,1,0}, u8[0]{0}) custom-call(f32[13,672,1,1]{3,2,1,0}, f32[28,672,1,1]{3,2,1,0}, f32[28]{0}), window={size=1x1}, dim_labels=bf01_oi01->bf01, custom_call_target="__cudnn$convBiasActivationForward", backend_config={"operation_queue_id":"0","wait_on_operation_queues":[],"cudnn_conv_backend_config":{"activation_mode":"kNone","conv_result_scale":1,"side_input_scale":0,"leakyrelu_alpha":0},"force_earliest_schedule":false,"reification_cost":[]} is taking a while...
2026-03-06 14:33:55.879748: E external/local_xla/xla/stream_executor/cuda/cuda_timer.cc:86] Delay kernel timed out: measured time has sub-optimal accuracy. There may be a missing warmup execution, please investigate in Nsight Systems.
2026-03-06 14:33:56.105450: E external/local_xla/xla/stream_executor/cuda/cuda_timer.cc:86] Delay kernel timed out: measured time has sub-optimal accuracy. There may be a missing warmup execution, please investigate in Nsight Systems.
2026-03-06 14:33:56.308225: E external/local_xla/xla/stream_executor/cuda/cuda_timer.cc:86] Delay kernel timed out: measured time has sub-optimal accuracy. There may be a missing warmup execution, please investigate in Nsight Systems.
2026-03-06 14:33:56.650990: E external/local_xla/xla/service/slow_operation_alarm.cc:73] Trying algorithm eng3{k11=2} for conv (f32[13,1152,7,7]{3,2,1,0}, u8[0]{0}) custom-call(f32[13,1152,7,7]{3,2,1,0}, f32[1152,1,5,5]{3,2,1,0}), window={size=5x5 pad=2_2x2_2}, dim_labels=bf01_oi01->bf01, feature_group_count=1152, custom_call_target="__cudnn$convForward", backend_config={"operation_queue_id":"0","wait_on_operation_queues":[],"cudnn_conv_backend_config":{"activation_mode":"kNone","conv_result_scale":1,"side_input_scale":0,"leakyrelu_alpha":0},"force_earliest_schedule":false,"reification_cost":[]} is taking a while...
2026-03-06 14:33:58.432193: E external/local_xla/xla/stream_executor/cuda/cuda_timer.cc:86] Delay kernel timed out: measured time has sub-optimal accuracy. There may be a missing warmup execution, please investigate in Nsight Systems.
2026-03-06 14:33:58.763564: E external/local_xla/xla/stream_executor/cuda/cuda_timer.cc:86] Delay kernel timed out: measured time has sub-optimal accuracy. There may be a missing warmup execution, please investigate in Nsight Systems.
2026-03-06 14:33:58.980939: E external/local_xla/xla/stream_executor/cuda/cuda_timer.cc:86] Delay kernel timed out: measured time has sub-optimal accuracy. There may be a missing warmup execution, please investigate in Nsight Systems.
2026-03-06 14:33:59.186529: E external/local_xla/xla/stream_executor/cuda/cuda_timer.cc:86] Delay kernel timed out: measured time has sub-optimal accuracy. There may be a missing warmup execution, please investigate in Nsight Systems.
2026-03-06 14:34:01.356536: E external/local_xla/xla/stream_executor/cuda/cuda_timer.cc:86] Delay kernel timed out: measured time has sub-optimal accuracy. There may be a missing warmup execution, please investigate in Nsight Systems.
2026-03-06 14:34:01.361591: E external/local_xla/xla/service/slow_operation_alarm.cc:140] The operation took 5.71062413s
Trying algorithm eng3{k11=2} for conv (f32[13,1152,7,7]{3,2,1,0}, u8[0]{0}) custom-call(f32[13,1152,7,7]{3,2,1,0}, f32[1152,1,5,5]{3,2,1,0}), window={size=5x5 pad=2_2x2_2}, dim_labels=bf01_oi01->bf01, feature_group_count=1152, custom_call_target="__cudnn$convForward", backend_config={"operation_queue_id":"0","wait_on_operation_queues":[],"cudnn_conv_backend_config":{"activation_mode":"kNone","conv_result_scale":1,"side_input_scale":0,"leakyrelu_alpha":0},"force_earliest_schedule":false,"reification_cost":[]} is taking a while...
2026-03-06 14:34:01.992186: E external/local_xla/xla/stream_executor/cuda/cuda_timer.cc:86] Delay kernel timed out: measured time has sub-optimal accuracy. There may be a missing warmup execution, please investigate in Nsight Systems.
2026-03-06 14:34:02.188156: E external/local_xla/xla/stream_executor/cuda/cuda_timer.cc:86] Delay kernel timed out: measured time has sub-optimal accuracy. There may be a missing warmup execution, please investigate in Nsight Systems.
2026-03-06 14:34:02.748151: E external/local_xla/xla/service/slow_operation_alarm.cc:73] Trying algorithm eng3{k11=2} for conv (f32[13,1152,7,7]{3,2,1,0}, u8[0]{0}) custom-call(f32[13,1152,7,7]{3,2,1,0}, f32[1152,1,3,3]{3,2,1,0}), window={size=3x3 pad=1_1x1_1}, dim_labels=bf01_oi01->bf01, feature_group_count=1152, custom_call_target="__cudnn$convForward", backend_config={"operation_queue_id":"0","wait_on_operation_queues":[],"cudnn_conv_backend_config":{"activation_mode":"kNone","conv_result_scale":1,"side_input_scale":0,"leakyrelu_alpha":0},"force_earliest_schedule":false,"reification_cost":[]} is taking a while...
2026-03-06 14:34:04.243403: E external/local_xla/xla/stream_executor/cuda/cuda_timer.cc:86] Delay kernel timed out: measured time has sub-optimal accuracy. There may be a missing warmup execution, please investigate in Nsight Systems.
2026-03-06 14:34:04.447422: E external/local_xla/xla/stream_executor/cuda/cuda_timer.cc:86] Delay kernel timed out: measured time has sub-optimal accuracy. There may be a missing warmup execution, please investigate in Nsight Systems.
2026-03-06 14:34:04.764318: E external/local_xla/xla/stream_executor/cuda/cuda_timer.cc:86] Delay kernel timed out: measured time has sub-optimal accuracy. There may be a missing warmup execution, please investigate in Nsight Systems.
2026-03-06 14:34:04.961291: E external/local_xla/xla/stream_executor/cuda/cuda_timer.cc:86] Delay kernel timed out: measured time has sub-optimal accuracy. There may be a missing warmup execution, please investigate in Nsight Systems.
2026-03-06 14:34:07.002952: E external/local_xla/xla/stream_executor/cuda/cuda_timer.cc:86] Delay kernel timed out: measured time has sub-optimal accuracy. There may be a missing warmup execution, please investigate in Nsight Systems.
2026-03-06 14:34:07.196426: E external/local_xla/xla/stream_executor/cuda/cuda_timer.cc:86] Delay kernel timed out: measured time has sub-optimal accuracy. There may be a missing warmup execution, please investigate in Nsight Systems.
2026-03-06 14:34:07.486163: E external/local_xla/xla/stream_executor/cuda/cuda_timer.cc:86] Delay kernel timed out: measured time has sub-optimal accuracy. There may be a missing warmup execution, please investigate in Nsight Systems.
2026-03-06 14:34:07.671548: E external/local_xla/xla/stream_executor/cuda/cuda_timer.cc:86] Delay kernel timed out: measured time has sub-optimal accuracy. There may be a missing warmup execution, please investigate in Nsight Systems.
2026-03-06 14:34:07.677154: E external/local_xla/xla/service/slow_operation_alarm.cc:140] The operation took 5.929076427s
Trying algorithm eng3{k11=2} for conv (f32[13,1152,7,7]{3,2,1,0}, u8[0]{0}) custom-call(f32[13,1152,7,7]{3,2,1,0}, f32[1152,1,3,3]{3,2,1,0}), window={size=3x3 pad=1_1x1_1}, dim_labels=bf01_oi01->bf01, feature_group_count=1152, custom_call_target="__cudnn$convForward", backend_config={"operation_queue_id":"0","wait_on_operation_queues":[],"cudnn_conv_backend_config":{"activation_mode":"kNone","conv_result_scale":1,"side_input_scale":0,"leakyrelu_alpha":0},"force_earliest_schedule":false,"reification_cost":[]} is taking a while...
2026-03-06 14:34:08.681525: E external/local_xla/xla/service/slow_operation_alarm.cc:73] Trying algorithm eng58{k25=2} for conv (f32[13,320,7,7]{3,2,1,0}, u8[0]{0}) custom-call(f32[13,1152,7,7]{3,2,1,0}, f32[320,1152,1,1]{3,2,1,0}), window={size=1x1}, dim_labels=bf01_oi01->bf01, custom_call_target="__cudnn$convForward", backend_config={"operation_queue_id":"0","wait_on_operation_queues":[],"cudnn_conv_backend_config":{"activation_mode":"kNone","conv_result_scale":1,"side_input_scale":0,"leakyrelu_alpha":0},"force_earliest_schedule":false,"reification_cost":[]} is taking a while...
2026-03-06 14:34:09.658702: E external/local_xla/xla/service/slow_operation_alarm.cc:140] The operation took 1.977321053s
Trying algorithm eng58{k25=2} for conv (f32[13,320,7,7]{3,2,1,0}, u8[0]{0}) custom-call(f32[13,1152,7,7]{3,2,1,0}, f32[320,1152,1,1]{3,2,1,0}), window={size=1x1}, dim_labels=bf01_oi01->bf01, custom_call_target="__cudnn$convForward", backend_config={"operation_queue_id":"0","wait_on_operation_queues":[],"cudnn_conv_backend_config":{"activation_mode":"kNone","conv_result_scale":1,"side_input_scale":0,"leakyrelu_alpha":0},"force_earliest_schedule":false,"reification_cost":[]} is taking a while...
2026-03-06 14:34:13.964576: I tensorflow/core/framework/local_rendezvous.cc:407] Local rendezvous is aborting with status: OUT_OF_RANGE: End of sequence
WARNING:absl:You are saving your model as an HDF5 file via `model.save()` or `keras.saving.save_model(model)`. This file format is considered legacy. We recommend using instead the native Keras format, e.g. `model.save('my_model.keras')` or `keras.saving.save_model(model, 'my_model.keras')`. 
